week11/LocationTest_completed_map_sample/app/build/intermediates/manifest_merge_blame_file/debug/manifest-merger-blame-debug-report.txt
1<?xml version="1.0" encoding="utf-8"?>
2<manifest xmlns:android="http://schemas.android.com/apk/res/android"
3    package="ddwu.mobile.lbs.locationtest"
4    android:versionCode="1"
5    android:versionName="1.0" >
6
7    <uses-sdk
8        android:minSdkVersion="23"
8-->src\main\AndroidManifest.xml
9        android:targetSdkVersion="31" />
9-->src\main\AndroidManifest.xml
10
11    <uses-permission android:name="android.permission.ACCESS_COARSE_LOCATION" />
11-->src\main\AndroidManifest.xml:5:5-81
11-->src\main\AndroidManifest.xml:5:22-78
12    <uses-permission android:name="android.permission.ACCESS_FINE_LOCATION" />
12-->src\main\AndroidManifest.xml:6:5-79
12-->src\main\AndroidManifest.xml:6:22-76
13
14    <!-- Include required permissions for Google Maps API to run. -->
15    <uses-permission android:name="android.permission.ACCESS_NETWORK_STATE" />
15-->[com.google.android.gms:play-services-maps:18.1.0] AndroidManifest.xml:23:5-79
15-->[com.google.android.gms:play-services-maps:18.1.0] AndroidManifest.xml:23:22-76
16    <uses-permission android:name="android.permission.INTERNET" />
16-->[com.google.android.gms:play-services-maps:18.1.0] AndroidManifest.xml:24:5-67
16-->[com.google.android.gms:play-services-maps:18.1.0] AndroidManifest.xml:24:22-64
17
18    <uses-feature
18-->[com.google.android.gms:play-services-maps:18.1.0] AndroidManifest.xml:26:5-28:35
19        android:glEsVersion="0x00020000"
19-->[com.google.android.gms:play-services-maps:18.1.0] AndroidManifest.xml:27:9-41
20        android:required="true" />
20-->[com.google.android.gms:play-services-maps:18.1.0] AndroidManifest.xml:28:9-32
21
22    <queries>
22-->[com.google.android.gms:play-services-maps:18.1.0] AndroidManifest.xml:30:5-34:15
23
24        <!-- Needs to be explicitly declared on Android R+ -->
25        <package android:name="com.google.android.apps.maps" />
25-->[com.google.android.gms:play-services-maps:18.1.0] AndroidManifest.xml:33:9-64
25-->[com.google.android.gms:play-services-maps:18.1.0] AndroidManifest.xml:33:18-61
26    </queries>
27
28    <application
28-->src\main\AndroidManifest.xml:8:5-36:19
29        android:allowBackup="true"
29-->src\main\AndroidManifest.xml:9:9-35
30        android:appComponentFactory="androidx.core.app.CoreComponentFactory"
30-->[androidx.core:core:1.7.0] AndroidManifest.xml:24:18-86
31        android:dataExtractionRules="@xml/data_extraction_rules"
31-->src\main\AndroidManifest.xml:10:9-65
32        android:debuggable="true"
33        android:extractNativeLibs="false"
34        android:fullBackupContent="@xml/backup_rules"
34-->src\main\AndroidManifest.xml:11:9-54
35        android:icon="@mipmap/ic_launcher"
35-->src\main\AndroidManifest.xml:12:9-43
36        android:label="@string/app_name"
36-->src\main\AndroidManifest.xml:13:9-41
37        android:roundIcon="@mipmap/ic_launcher_round"
37-->src\main\AndroidManifest.xml:14:9-54
38        android:supportsRtl="true"
38-->src\main\AndroidManifest.xml:15:9-35
39        android:testOnly="true"
40        android:theme="@style/Theme.LocationTest" >
40-->src\main\AndroidManifest.xml:16:9-50
41        <meta-data
41-->src\main\AndroidManifest.xml:19:9-21:71
42            android:name="com.google.android.geo.API_KEY"
42-->src\main\AndroidManifest.xml:20:13-58
43            android:value="AIzaSyBKbWtNMQtj8AinqdLj60rxN5hCUUVG9rs" />
43-->src\main\AndroidManifest.xml:21:13-68
44
45        <activity
45-->src\main\AndroidManifest.xml:23:9-35:20
46            android:name="ddwu.mobile.lbs.locationtest.MainActivity"
46-->src\main\AndroidManifest.xml:24:13-41
47            android:exported="true" >
47-->src\main\AndroidManifest.xml:25:13-36
48            <intent-filter>
48-->src\main\AndroidManifest.xml:26:13-30:29
49                <action android:name="android.intent.action.MAIN" />
49-->src\main\AndroidManifest.xml:27:17-69
49-->src\main\AndroidManifest.xml:27:25-66
50
51                <category android:name="android.intent.category.LAUNCHER" />
51-->src\main\AndroidManifest.xml:29:17-77
51-->src\main\AndroidManifest.xml:29:27-74
52            </intent-filter>
53
54            <meta-data
54-->src\main\AndroidManifest.xml:32:13-34:36
55                android:name="android.app.lib_name"
55-->src\main\AndroidManifest.xml:33:17-52
56                android:value="" />
56-->src\main\AndroidManifest.xml:34:17-33
57        </activity>
58        <!-- Needs to be explicitly declared on P+ -->
59        <uses-library
59-->[com.google.android.gms:play-services-maps:18.1.0] AndroidManifest.xml:39:9-41:40
60            android:name="org.apache.http.legacy"
60-->[com.google.android.gms:play-services-maps:18.1.0] AndroidManifest.xml:40:13-50
61            android:required="false" />
61-->[com.google.android.gms:play-services-maps:18.1.0] AndroidManifest.xml:41:13-37
62
63        <activity
63-->[com.google.android.gms:play-services-base:18.1.0] AndroidManifest.xml:20:9-22:45
64            android:name="com.google.android.gms.common.api.GoogleApiActivity"
64-->[com.google.android.gms:play-services-base:18.1.0] AndroidManifest.xml:20:19-85
65            android:exported="false"
65-->[com.google.android.gms:play-services-base:18.1.0] AndroidManifest.xml:22:19-43
66            android:theme="@android:style/Theme.Translucent.NoTitleBar" />
66-->[com.google.android.gms:play-services-base:18.1.0] AndroidManifest.xml:21:19-78
67
68        <meta-data
68-->[com.google.android.gms:play-services-basement:18.1.0] AndroidManifest.xml:21:9-23:69
69            android:name="com.google.android.gms.version"
69-->[com.google.android.gms:play-services-basement:18.1.0] AndroidManifest.xml:22:13-58
70            android:value="@integer/google_play_services_version" />
70-->[com.google.android.gms:play-services-basement:18.1.0] AndroidManifest.xml:23:13-66
71
72        <provider
72-->[androidx.emoji2:emoji2:1.0.0] AndroidManifest.xml:26:9-34:20
73            android:name="androidx.startup.InitializationProvider"
73-->[androidx.emoji2:emoji2:1.0.0] AndroidManifest.xml:27:13-67
74            android:authorities="ddwu.mobile.lbs.locationtest.androidx-startup"
74-->[androidx.emoji2:emoji2:1.0.0] AndroidManifest.xml:28:13-68
75            android:exported="false" >
75-->[androidx.emoji2:emoji2:1.0.0] AndroidManifest.xml:29:13-37
76            <meta-data
76-->[androidx.emoji2:emoji2:1.0.0] AndroidManifest.xml:31:13-33:52
77                android:name="androidx.emoji2.text.EmojiCompatInitializer"
77-->[androidx.emoji2:emoji2:1.0.0] AndroidManifest.xml:32:17-75
78                android:value="androidx.startup" />
78-->[androidx.emoji2:emoji2:1.0.0] AndroidManifest.xml:33:17-49
79            <meta-data
79-->[androidx.lifecycle:lifecycle-process:2.4.0] AndroidManifest.xml:31:13-33:52
80                android:name="androidx.lifecycle.ProcessLifecycleInitializer"
80-->[androidx.lifecycle:lifecycle-process:2.4.0] AndroidManifest.xml:32:17-78
81                android:value="androidx.startup" />
81-->[androidx.lifecycle:lifecycle-process:2.4.0] AndroidManifest.xml:33:17-49
82        </provider>
83    </application>
84
85</manifest>